<?xml version="1.0" encoding="UTF-8"?>
<!-- Generated by org.testng.reporters.JUnitXMLReporter -->
<testsuite ignored="0" hostname="SURESH" failures="9" tests="9" name="Test" time="86.955" errors="0" timestamp="2025-01-15T13:14:58 IST">
  <testcase classname="testcases.pgrs" name="blankblank" time="3.43">
    <failure type="java.lang.AssertionError" message="invalid username or password expected [Analytic Dashboard | GMS] but found [Public Grievance Redressal | GMS]">
      <![CDATA[java.lang.AssertionError: invalid username or password expected [Analytic Dashboard | GMS] but found [Public Grievance Redressal | GMS]
at pages.loginpage.loginmethod(loginpage.java:32)
at testcases.pgrs.blankblank(pgrs.java:63)
at java.base/java.util.ArrayList.forEach(ArrayList.java:1596)
... Removed 34 stack frames]]>
    </failure>
  </testcase> <!-- blankblank -->
  <testcase classname="testcases.pgrs" name="blankvalid" time="7.187">
    <failure type="java.lang.AssertionError" message="invalid username or password expected [Analytic Dashboard | GMS] but found [Public Grievance Redressal | GMS]">
      <![CDATA[java.lang.AssertionError: invalid username or password expected [Analytic Dashboard | GMS] but found [Public Grievance Redressal | GMS]
at pages.loginpage.loginmethod(loginpage.java:32)
at testcases.pgrs.blankvalid(pgrs.java:57)
at java.base/java.util.ArrayList.forEach(ArrayList.java:1596)
... Removed 34 stack frames]]>
    </failure>
  </testcase> <!-- blankvalid -->
  <testcase classname="testcases.pgrs" name="invalidinvalid" time="3.549">
    <failure type="java.lang.AssertionError" message="invalid username or password expected [Analytic Dashboard | GMS] but found [Public Grievance Redressal | GMS]">
      <![CDATA[java.lang.AssertionError: invalid username or password expected [Analytic Dashboard | GMS] but found [Public Grievance Redressal | GMS]
at pages.loginpage.loginmethod(loginpage.java:32)
at testcases.pgrs.invalidinvalid(pgrs.java:51)
at java.base/java.util.ArrayList.forEach(ArrayList.java:1596)
... Removed 34 stack frames]]>
    </failure>
  </testcase> <!-- invalidinvalid -->
  <testcase classname="testcases.pgrs" name="invalidvalid1" time="7.68">
    <failure type="java.lang.AssertionError" message="invalid username or password expected [Analytic Dashboard | GMS] but found [Public Grievance Redressal | GMS]">
      <![CDATA[java.lang.AssertionError: invalid username or password expected [Analytic Dashboard | GMS] but found [Public Grievance Redressal | GMS]
at pages.loginpage.loginmethod(loginpage.java:32)
at testcases.pgrs.invalidvalid1(pgrs.java:39)
at java.base/java.util.ArrayList.forEach(ArrayList.java:1596)
... Removed 34 stack frames]]>
    </failure>
  </testcase> <!-- invalidvalid1 -->
  <testcase classname="testcases.pgrs" name="invalidvalid2" time="6.603">
    <failure type="java.lang.AssertionError" message="invalid username or password expected [Analytic Dashboard | GMS] but found [Public Grievance Redressal | GMS]">
      <![CDATA[java.lang.AssertionError: invalid username or password expected [Analytic Dashboard | GMS] but found [Public Grievance Redressal | GMS]
at pages.loginpage.loginmethod(loginpage.java:32)
at testcases.pgrs.invalidvalid2(pgrs.java:45)
at java.base/java.util.ArrayList.forEach(ArrayList.java:1596)
... Removed 34 stack frames]]>
    </failure>
  </testcase> <!-- invalidvalid2 -->
  <testcase classname="testcases.pgrs" name="validblank" time="3.496">
    <failure type="java.lang.AssertionError" message="invalid username or password expected [Analytic Dashboard | GMS] but found [Public Grievance Redressal | GMS]">
      <![CDATA[java.lang.AssertionError: invalid username or password expected [Analytic Dashboard | GMS] but found [Public Grievance Redressal | GMS]
at pages.loginpage.loginmethod(loginpage.java:32)
at testcases.pgrs.validblank(pgrs.java:33)
at java.base/java.util.ArrayList.forEach(ArrayList.java:1596)
... Removed 34 stack frames]]>
    </failure>
  </testcase> <!-- validblank -->
  <testcase classname="testcases.pgrs" name="validinvalid1" time="3.536">
    <failure type="java.lang.AssertionError" message="invalid username or password expected [Analytic Dashboard | GMS] but found [Public Grievance Redressal | GMS]">
      <![CDATA[java.lang.AssertionError: invalid username or password expected [Analytic Dashboard | GMS] but found [Public Grievance Redressal | GMS]
at pages.loginpage.loginmethod(loginpage.java:32)
at testcases.pgrs.validinvalid1(pgrs.java:21)
at java.base/java.util.ArrayList.forEach(ArrayList.java:1596)
... Removed 34 stack frames]]>
    </failure>
  </testcase> <!-- validinvalid1 -->
  <testcase classname="testcases.pgrs" name="validinvalid2" time="8.926">
    <failure type="java.lang.AssertionError" message="invalid username or password expected [Analytic Dashboard | GMS] but found [Public Grievance Redressal | GMS]">
      <![CDATA[java.lang.AssertionError: invalid username or password expected [Analytic Dashboard | GMS] but found [Public Grievance Redressal | GMS]
at pages.loginpage.loginmethod(loginpage.java:32)
at testcases.pgrs.validinvalid2(pgrs.java:27)
at java.base/java.util.ArrayList.forEach(ArrayList.java:1596)
... Removed 34 stack frames]]>
    </failure>
  </testcase> <!-- validinvalid2 -->
  <testcase classname="testcases.pgrs" name="validvalid" time="7.61">
    <failure type="java.lang.AssertionError" message="invalid username or password expected [Analytic Dashboard | GMS] but found [GMS]">
      <![CDATA[java.lang.AssertionError: invalid username or password expected [Analytic Dashboard | GMS] but found [GMS]
at pages.loginpage.loginmethod(loginpage.java:32)
at testcases.pgrs.validvalid(pgrs.java:15)
at java.base/java.util.ArrayList.forEach(ArrayList.java:1596)
... Removed 34 stack frames]]>
    </failure>
  </testcase> <!-- validvalid -->
</testsuite> <!-- Test -->
